<?xml version="1.0" encoding="UTF-8"?>
<!-- Generated by org.testng.reporters.JUnitXMLReporter -->
<testsuite hostname="IBM200-PC07QF34" name="Default test" tests="11" failures="0" timestamp="4 Apr 2017 09:05:48 GMT" time="162.943" errors="0">
  <testcase name="RIPC_Login" time="11.019" classname="sBActions_GB_main.CreateRequest_GB"/>
  <testcase name="Create_Req" time="4.362" classname="sBActions_GB_main.CreateRequest_GB"/>
  <testcase name="skill_Req" time="2.027" classname="sBActions_GB_main.CreateRequest_GB"/>
  <testcase name="select_Req" time="10.565" classname="sBActions_GB_main.CreateRequest_GB"/>
  <testcase name="select_jrss" time="38.05" classname="sBActions_GB_main.CreateRequest_GB"/>
  <testcase name="req_detail" time="14.563" classname="sBActions_GB_main.CreateRequest_GB"/>
  <testcase name="skill_loc" time="12.478" classname="sBActions_GB_main.CreateRequest_GB"/>
  <testcase name="alert_check" time="2.228" classname="sBActions_GB_main.CreateRequest_GB"/>
  <testcase name="skill_price" time="11.829" classname="sBActions_GB_main.CreateRequest_GB"/>
  <testcase name="supp" time="26.15" classname="sBActions_GB_main.CreateRequest_GB"/>
  <testcase name="req_data" time="0.619" classname="sBActions_GB_main.CreateRequest_GB"/>
</testsuite> <!-- Default test -->
