<?xml version="1.0" encoding="UTF-8"?>
<testng-results skipped="0" failed="0" ignored="0" total="4" passed="4">
  <reporter-output>
  </reporter-output>
  <suite name="Default suite" duration-ms="77989" started-at="2017-01-31T07:38:13Z" finished-at="2017-01-31T07:39:31Z">
    <groups>
    </groups>
    <test name="Default test" duration-ms="77989" started-at="2017-01-31T07:38:13Z" finished-at="2017-01-31T07:39:31Z">
      <class name="breakdown_Tier_supplier_Test_Cases.Add_Response1">
        <test-method status="PASS" signature="setup1()[pri:0, instance:breakdown_Tier_supplier_Test_Cases.Add_Response1@5c5a1b69]" name="setup1" is-config="true" duration-ms="25661" started-at="2017-01-31T13:08:13Z" finished-at="2017-01-31T13:08:38Z">
          <reporter-output>
          </reporter-output>
        </test-method> <!-- setup1 -->
        <test-method status="PASS" signature="Supp_Login1()[pri:0, instance:breakdown_Tier_supplier_Test_Cases.Add_Response1@5c5a1b69]" name="Supp_Login1" duration-ms="11414" started-at="2017-01-31T13:08:38Z" finished-at="2017-01-31T13:08:50Z">
          <reporter-output>
          </reporter-output>
        </test-method> <!-- Supp_Login1 -->
        <test-method status="PASS" signature="AddResp1()[pri:1, instance:breakdown_Tier_supplier_Test_Cases.Add_Response1@5c5a1b69]" name="AddResp1" duration-ms="16957" started-at="2017-01-31T13:08:50Z" finished-at="2017-01-31T13:09:07Z">
          <reporter-output>
          </reporter-output>
        </test-method> <!-- AddResp1 -->
        <test-method status="PASS" signature="RespPric1()[pri:2, instance:breakdown_Tier_supplier_Test_Cases.Add_Response1@5c5a1b69]" name="RespPric1" duration-ms="6537" started-at="2017-01-31T13:09:07Z" finished-at="2017-01-31T13:09:13Z">
          <reporter-output>
          </reporter-output>
        </test-method> <!-- RespPric1 -->
        <test-method status="PASS" signature="RespSum1()[pri:3, instance:breakdown_Tier_supplier_Test_Cases.Add_Response1@5c5a1b69]" name="RespSum1" duration-ms="17394" started-at="2017-01-31T13:09:13Z" finished-at="2017-01-31T13:09:31Z">
          <reporter-output>
          </reporter-output>
        </test-method> <!-- RespSum1 -->
      </class> <!-- breakdown_Tier_supplier_Test_Cases.Add_Response1 -->
    </test> <!-- Default test -->
  </suite> <!-- Default suite -->
</testng-results>
