<?xml version="1.0" encoding="UTF-8"?>
<testng-results skipped="0" failed="1" ignored="0" total="4" passed="3">
  <reporter-output>
  </reporter-output>
  <suite name="Default suite" duration-ms="56686" started-at="2017-01-31T07:58:23Z" finished-at="2017-01-31T07:59:20Z">
    <groups>
    </groups>
    <test name="Default test" duration-ms="56686" started-at="2017-01-31T07:58:23Z" finished-at="2017-01-31T07:59:20Z">
      <class name="breakdown_Tier_supplier_Test_Cases.Add_Response1">
        <test-method status="PASS" signature="setup1()[pri:0, instance:breakdown_Tier_supplier_Test_Cases.Add_Response1@5c5a1b69]" name="setup1" is-config="true" duration-ms="23189" started-at="2017-01-31T13:28:23Z" finished-at="2017-01-31T13:28:46Z">
          <reporter-output>
          </reporter-output>
        </test-method> <!-- setup1 -->
        <test-method status="PASS" signature="Supp_Login1()[pri:0, instance:breakdown_Tier_supplier_Test_Cases.Add_Response1@5c5a1b69]" name="Supp_Login1" duration-ms="10002" started-at="2017-01-31T13:28:46Z" finished-at="2017-01-31T13:28:56Z">
          <reporter-output>
          </reporter-output>
        </test-method> <!-- Supp_Login1 -->
        <test-method status="PASS" signature="AddResp1()[pri:1, instance:breakdown_Tier_supplier_Test_Cases.Add_Response1@5c5a1b69]" name="AddResp1" duration-ms="16754" started-at="2017-01-31T13:28:56Z" finished-at="2017-01-31T13:29:13Z">
          <reporter-output>
          </reporter-output>
        </test-method> <!-- AddResp1 -->
        <test-method status="PASS" signature="RespPric1()[pri:2, instance:breakdown_Tier_supplier_Test_Cases.Add_Response1@5c5a1b69]" name="RespPric1" duration-ms="6583" started-at="2017-01-31T13:29:13Z" finished-at="2017-01-31T13:29:20Z">
          <reporter-output>
          </reporter-output>
        </test-method> <!-- RespPric1 -->
        <test-method status="FAIL" signature="RespSum1()[pri:3, instance:breakdown_Tier_supplier_Test_Cases.Add_Response1@5c5a1b69]" name="RespSum1" duration-ms="106" started-at="2017-01-31T13:29:20Z" finished-at="2017-01-31T13:29:20Z">
          <exception class="org.openqa.selenium.UnhandledAlertException">
            <message>
              <![CDATA[Unexpected modal dialog (text: Please enter a value that is greater than or equal to 0.01.): Please enter a value that is greater than or equal to 0.01.
Build info: version: '2.52.0', revision: '4c2593c', time: '2016-02-11 19:03:33'
System info: host: 'IBM200-PC07QF34', ip: '9.193.11.68', os.name: 'Windows 7', os.arch: 'amd64', os.version: '6.1', java.version: '1.8.0_111'
Driver info: org.openqa.selenium.firefox.FirefoxDriver
Capabilities [{applicationCacheEnabled=true, rotatable=false, handlesAlerts=true, databaseEnabled=true, version=45.7.0, platform=WINDOWS, nativeEvents=false, acceptSslCerts=true, webStorageEnabled=true, locationContextEnabled=true, browserName=firefox, takesScreenshot=true, javascriptEnabled=true, cssSelectorsEnabled=true}]
Session ID: 317971c3-4267-45fb-a555-79edd8b3bef8
*** Element info: {Using=xpath, value=.//*[@id='ibm-content-main']//input[@class='ibm-btn-arrow-sec' and @title='Edit Response details']}]]>
            </message>
            <full-stacktrace>
              <![CDATA[org.openqa.selenium.UnhandledAlertException: Unexpected modal dialog (text: Please enter a value that is greater than or equal to 0.01.): Please enter a value that is greater than or equal to 0.01.
Build info: version: '2.52.0', revision: '4c2593c', time: '2016-02-11 19:03:33'
System info: host: 'IBM200-PC07QF34', ip: '9.193.11.68', os.name: 'Windows 7', os.arch: 'amd64', os.version: '6.1', java.version: '1.8.0_111'
Driver info: org.openqa.selenium.firefox.FirefoxDriver
Capabilities [{applicationCacheEnabled=true, rotatable=false, handlesAlerts=true, databaseEnabled=true, version=45.7.0, platform=WINDOWS, nativeEvents=false, acceptSslCerts=true, webStorageEnabled=true, locationContextEnabled=true, browserName=firefox, takesScreenshot=true, javascriptEnabled=true, cssSelectorsEnabled=true}]
Session ID: 317971c3-4267-45fb-a555-79edd8b3bef8
*** Element info: {Using=xpath, value=.//*[@id='ibm-content-main']//input[@class='ibm-btn-arrow-sec' and @title='Edit Response details']}
	at sun.reflect.NativeConstructorAccessorImpl.newInstance0(Native Method)
	at sun.reflect.NativeConstructorAccessorImpl.newInstance(Unknown Source)
	at sun.reflect.DelegatingConstructorAccessorImpl.newInstance(Unknown Source)
	at java.lang.reflect.Constructor.newInstance(Unknown Source)
	at org.openqa.selenium.remote.ErrorHandler.createThrowable(ErrorHandler.java:206)
	at org.openqa.selenium.remote.ErrorHandler.createUnhandledAlertException(ErrorHandler.java:187)
	at org.openqa.selenium.remote.ErrorHandler.throwIfResponseFailed(ErrorHandler.java:154)
	at org.openqa.selenium.remote.RemoteWebDriver.execute(RemoteWebDriver.java:678)
	at org.openqa.selenium.remote.RemoteWebDriver.findElement(RemoteWebDriver.java:363)
	at org.openqa.selenium.remote.RemoteWebDriver.findElementByXPath(RemoteWebDriver.java:500)
	at org.openqa.selenium.By$ByXPath.findElement(By.java:361)
	at org.openqa.selenium.remote.RemoteWebDriver.findElement(RemoteWebDriver.java:355)
	at org.openqa.selenium.support.pagefactory.DefaultElementLocator.findElement(DefaultElementLocator.java:69)
	at org.openqa.selenium.support.pagefactory.internal.LocatingElementHandler.invoke(LocatingElementHandler.java:38)
	at com.sun.proxy.$Proxy6.isDisplayed(Unknown Source)
	at org.openqa.selenium.support.ui.ExpectedConditions.elementIfVisible(ExpectedConditions.java:302)
	at org.openqa.selenium.support.ui.ExpectedConditions.access$1(ExpectedConditions.java:301)
	at org.openqa.selenium.support.ui.ExpectedConditions$10.apply(ExpectedConditions.java:288)
	at org.openqa.selenium.support.ui.ExpectedConditions$10.apply(ExpectedConditions.java:1)
	at org.openqa.selenium.support.ui.FluentWait.until(FluentWait.java:238)
	at step2_Adding_Response.Page04_ResponseSummaryAndSubmit.RespSummaryandsubmit(Page04_ResponseSummaryAndSubmit.java:48)
	at breakdown_Tier_supplier_Test_Cases.Add_Response1.RespSum1(Add_Response1.java:78)
	at sun.reflect.NativeMethodAccessorImpl.invoke0(Native Method)
	at sun.reflect.NativeMethodAccessorImpl.invoke(Unknown Source)
	at sun.reflect.DelegatingMethodAccessorImpl.invoke(Unknown Source)
	at java.lang.reflect.Method.invoke(Unknown Source)
	at org.testng.internal.MethodInvocationHelper.invokeMethod(MethodInvocationHelper.java:104)
	at org.testng.internal.Invoker.invokeMethod(Invoker.java:645)
	at org.testng.internal.Invoker.invokeTestMethod(Invoker.java:851)
	at org.testng.internal.Invoker.invokeTestMethods(Invoker.java:1177)
	at org.testng.internal.TestMethodWorker.invokeTestMethods(TestMethodWorker.java:129)
	at org.testng.internal.TestMethodWorker.run(TestMethodWorker.java:112)
	at org.testng.TestRunner.privateRun(TestRunner.java:756)
	at org.testng.TestRunner.run(TestRunner.java:610)
	at org.testng.SuiteRunner.runTest(SuiteRunner.java:387)
	at org.testng.SuiteRunner.runSequentially(SuiteRunner.java:382)
	at org.testng.SuiteRunner.privateRun(SuiteRunner.java:340)
	at org.testng.SuiteRunner.run(SuiteRunner.java:289)
	at org.testng.SuiteRunnerWorker.runSuite(SuiteRunnerWorker.java:52)
	at org.testng.SuiteRunnerWorker.run(SuiteRunnerWorker.java:86)
	at org.testng.TestNG.runSuitesSequentially(TestNG.java:1293)
	at org.testng.TestNG.runSuitesLocally(TestNG.java:1218)
	at org.testng.TestNG.runSuites(TestNG.java:1133)
	at org.testng.TestNG.run(TestNG.java:1104)
	at org.testng.remote.AbstractRemoteTestNG.run(AbstractRemoteTestNG.java:132)
	at org.testng.remote.RemoteTestNG.initAndRun(RemoteTestNG.java:236)
	at org.testng.remote.RemoteTestNG.main(RemoteTestNG.java:81)
]]>
            </full-stacktrace>
          </exception> <!-- org.openqa.selenium.UnhandledAlertException -->
          <reporter-output>
          </reporter-output>
        </test-method> <!-- RespSum1 -->
      </class> <!-- breakdown_Tier_supplier_Test_Cases.Add_Response1 -->
    </test> <!-- Default test -->
  </suite> <!-- Default suite -->
</testng-results>
