<?xml version="1.0" encoding="UTF-8"?>
<!-- Generated by org.testng.reporters.JUnitXMLReporter -->
<testsuite hostname="IBM200-PC07QF34" ignored="0" name="Default test" tests="4" failures="0" timestamp="31 Jan 2017 10:10:10 GMT" time="75.705" errors="0">
  <testcase name="Supp_Login1" time="10.302" classname="breakdown_Tier_supplier_Test_Cases.Add_Response1"/>
  <testcase name="AddResp1" time="17.191" classname="breakdown_Tier_supplier_Test_Cases.Add_Response1"/>
  <testcase name="RespPric1" time="7.239" classname="breakdown_Tier_supplier_Test_Cases.Add_Response1"/>
  <testcase name="RespSum1" time="17.674" classname="breakdown_Tier_supplier_Test_Cases.Add_Response1"/>
</testsuite> <!-- Default test -->
