<?xml version="1.0" encoding="UTF-8"?>
<!-- Generated by org.testng.reporters.JUnitXMLReporter -->
<testsuite hostname="IBM200-PC07QF34" ignored="0" name="Default test" tests="4" failures="0" timestamp="03 Jan 2017 07:26:59 GMT" time="98.243" errors="0">
  <testcase name="Supp_Login1" time="10.716" classname="hipaaRequest.Testcase.Add_Response1"/>
  <testcase name="AddResp1" time="17.02" classname="hipaaRequest.Testcase.Add_Response1"/>
  <testcase name="RespPric1" time="28.751" classname="hipaaRequest.Testcase.Add_Response1"/>
  <testcase name="RespSum1" time="20.061" classname="hipaaRequest.Testcase.Add_Response1"/>
</testsuite> <!-- Default test -->
