<?xml version="1.0" encoding="UTF-8"?>
<testng-results skipped="0" failed="0" ignored="0" total="4" passed="4">
  <reporter-output>
  </reporter-output>
  <suite name="Default suite" duration-ms="98243" started-at="2017-01-03T07:25:21Z" finished-at="2017-01-03T07:26:59Z">
    <groups>
    </groups>
    <test name="Default test" duration-ms="98243" started-at="2017-01-03T07:25:21Z" finished-at="2017-01-03T07:26:59Z">
      <class name="hipaaRequest.Testcase.Add_Response1">
        <test-method status="PASS" signature="setup1()[pri:0, instance:hipaaRequest.Testcase.Add_Response1@5c5a1b69]" name="setup1" is-config="true" duration-ms="21665" started-at="2017-01-03T12:55:21Z" finished-at="2017-01-03T12:55:42Z">
          <reporter-output>
          </reporter-output>
        </test-method> <!-- setup1 -->
        <test-method status="PASS" signature="Supp_Login1()[pri:0, instance:hipaaRequest.Testcase.Add_Response1@5c5a1b69]" name="Supp_Login1" duration-ms="10716" started-at="2017-01-03T12:55:43Z" finished-at="2017-01-03T12:55:53Z">
          <reporter-output>
          </reporter-output>
        </test-method> <!-- Supp_Login1 -->
        <test-method status="PASS" signature="AddResp1()[pri:1, instance:hipaaRequest.Testcase.Add_Response1@5c5a1b69]" name="AddResp1" duration-ms="17020" started-at="2017-01-03T12:55:53Z" finished-at="2017-01-03T12:56:10Z">
          <reporter-output>
          </reporter-output>
        </test-method> <!-- AddResp1 -->
        <test-method status="PASS" signature="RespPric1()[pri:2, instance:hipaaRequest.Testcase.Add_Response1@5c5a1b69]" name="RespPric1" duration-ms="28751" started-at="2017-01-03T12:56:10Z" finished-at="2017-01-03T12:56:39Z">
          <reporter-output>
          </reporter-output>
        </test-method> <!-- RespPric1 -->
        <test-method status="PASS" signature="RespSum1()[pri:3, instance:hipaaRequest.Testcase.Add_Response1@5c5a1b69]" name="RespSum1" duration-ms="20061" started-at="2017-01-03T12:56:39Z" finished-at="2017-01-03T12:56:59Z">
          <reporter-output>
          </reporter-output>
        </test-method> <!-- RespSum1 -->
      </class> <!-- hipaaRequest.Testcase.Add_Response1 -->
    </test> <!-- Default test -->
  </suite> <!-- Default suite -->
</testng-results>
