<?xml version="1.0" encoding="UTF-8"?>
<testng-results skipped="0" failed="0" ignored="0" total="4" passed="4">
  <reporter-output>
  </reporter-output>
  <suite name="Default suite" duration-ms="75705" started-at="2017-01-31T10:08:54Z" finished-at="2017-01-31T10:10:10Z">
    <groups>
    </groups>
    <test name="Default test" duration-ms="75705" started-at="2017-01-31T10:08:54Z" finished-at="2017-01-31T10:10:10Z">
      <class name="breakdown_Tier_supplier_Test_Cases.Add_Response1">
        <test-method status="PASS" signature="setup1()[pri:0, instance:breakdown_Tier_supplier_Test_Cases.Add_Response1@5c5a1b69]" name="setup1" is-config="true" duration-ms="23283" started-at="2017-01-31T15:38:54Z" finished-at="2017-01-31T15:39:18Z">
          <reporter-output>
          </reporter-output>
        </test-method> <!-- setup1 -->
        <test-method status="PASS" signature="Supp_Login1()[pri:0, instance:breakdown_Tier_supplier_Test_Cases.Add_Response1@5c5a1b69]" name="Supp_Login1" duration-ms="10302" started-at="2017-01-31T15:39:18Z" finished-at="2017-01-31T15:39:28Z">
          <reporter-output>
          </reporter-output>
        </test-method> <!-- Supp_Login1 -->
        <test-method status="PASS" signature="AddResp1()[pri:1, instance:breakdown_Tier_supplier_Test_Cases.Add_Response1@5c5a1b69]" name="AddResp1" duration-ms="17191" started-at="2017-01-31T15:39:28Z" finished-at="2017-01-31T15:39:45Z">
          <reporter-output>
          </reporter-output>
        </test-method> <!-- AddResp1 -->
        <test-method status="PASS" signature="RespPric1()[pri:2, instance:breakdown_Tier_supplier_Test_Cases.Add_Response1@5c5a1b69]" name="RespPric1" duration-ms="7239" started-at="2017-01-31T15:39:45Z" finished-at="2017-01-31T15:39:52Z">
          <reporter-output>
          </reporter-output>
        </test-method> <!-- RespPric1 -->
        <test-method status="PASS" signature="RespSum1()[pri:3, instance:breakdown_Tier_supplier_Test_Cases.Add_Response1@5c5a1b69]" name="RespSum1" duration-ms="17674" started-at="2017-01-31T15:39:52Z" finished-at="2017-01-31T15:40:10Z">
          <reporter-output>
          </reporter-output>
        </test-method> <!-- RespSum1 -->
      </class> <!-- breakdown_Tier_supplier_Test_Cases.Add_Response1 -->
    </test> <!-- Default test -->
  </suite> <!-- Default suite -->
</testng-results>
