<?xml version="1.0" encoding="UTF-8"?>
<!-- Generated by org.testng.reporters.JUnitXMLReporter -->
<testsuite hostname="IBM200-PC07QF34" ignored="0" name="Default test" tests="4" failures="0" timestamp="31 Jan 2017 10:04:30 GMT" time="80.346" errors="0">
  <testcase name="Supp_Login1" time="13.829" classname="breakdown_Tier_supplier_Test_Cases.Add_Response1"/>
  <testcase name="AddResp1" time="16.911" classname="breakdown_Tier_supplier_Test_Cases.Add_Response1"/>
  <testcase name="RespPric1" time="6.63" classname="breakdown_Tier_supplier_Test_Cases.Add_Response1"/>
  <testcase name="RespSum1" time="18.174" classname="breakdown_Tier_supplier_Test_Cases.Add_Response1"/>
</testsuite> <!-- Default test -->
