<?xml version="1.0" encoding="UTF-8"?>
<!-- Generated by org.testng.reporters.JUnitXMLReporter -->
<testsuite hostname="IBM200-PC07QF34" ignored="0" name="Default test" tests="3" failures="0" timestamp="28 Dec 2016 09:51:21 GMT" time="67.852" errors="0">
  <testcase name="RIPC_Login_Renewal" time="30.997" classname="nonCoreRequest.Testcase.RenewalOfrequest"/>
  <testcase name="Organization" time="3.167" classname="nonCoreRequest.Testcase.RenewalOfrequest"/>
  <testcase name="Request_detail" time="6.302" classname="nonCoreRequest.Testcase.RenewalOfrequest"/>
</testsuite> <!-- Default test -->
